Determining if the std::identity exist failed with the following output:
Change Dir: /home/zavala68/mydune/dune-surface_int/build-cmake/CMakeFiles/CMakeTmp

Run Build Command(s):/usr/bin/gmake -f Makefile cmTC_53205/fast && /usr/bin/gmake  -f CMakeFiles/cmTC_53205.dir/build.make CMakeFiles/cmTC_53205.dir/build
gmake[1]: Entering directory '/home/zavala68/mydune/dune-surface_int/build-cmake/CMakeFiles/CMakeTmp'
Building CXX object CMakeFiles/cmTC_53205.dir/CheckSymbolExists.cxx.o
/usr/bin/c++   -std=c++17   -fPIE -o CMakeFiles/cmTC_53205.dir/CheckSymbolExists.cxx.o -c /home/zavala68/mydune/dune-surface_int/build-cmake/CMakeFiles/CMakeTmp/CheckSymbolExists.cxx
/home/zavala68/mydune/dune-surface_int/build-cmake/CMakeFiles/CMakeTmp/CheckSymbolExists.cxx: In function ‘int main(int, char**)’:
/home/zavala68/mydune/dune-surface_int/build-cmake/CMakeFiles/CMakeTmp/CheckSymbolExists.cxx:7:24: error: ‘identity’ is not a member of ‘std’
    7 |   return ((int*)(&std::identity))[argc];
      |                        ^~~~~~~~
gmake[1]: *** [CMakeFiles/cmTC_53205.dir/build.make:78: CMakeFiles/cmTC_53205.dir/CheckSymbolExists.cxx.o] Error 1
gmake[1]: Leaving directory '/home/zavala68/mydune/dune-surface_int/build-cmake/CMakeFiles/CMakeTmp'
gmake: *** [Makefile:127: cmTC_53205/fast] Error 2


File /home/zavala68/mydune/dune-surface_int/build-cmake/CMakeFiles/CMakeTmp/CheckSymbolExists.cxx:
/* */
#include <functional>

int main(int argc, char** argv)
{
  (void)argv;
  return ((int*)(&std::identity))[argc];
}
Determining if the Fortran sgemm exists failed with the following output:
Change Dir: /home/zavala68/mydune/dune-surface_int/build-cmake/CMakeFiles/CMakeTmp

Run Build Command(s):/usr/bin/gmake -f Makefile cmTC_b663a/fast && /usr/bin/gmake  -f CMakeFiles/cmTC_b663a.dir/build.make CMakeFiles/cmTC_b663a.dir/build
gmake[1]: Entering directory '/home/zavala68/mydune/dune-surface_int/build-cmake/CMakeFiles/CMakeTmp'
Building Fortran object CMakeFiles/cmTC_b663a.dir/testFortranCompiler.f.o
/usr/bin/gfortran   -O3 -DNDEBUG -O3 -fPIE -c /home/zavala68/mydune/dune-surface_int/build-cmake/CMakeFiles/CMakeTmp/testFortranCompiler.f -o CMakeFiles/cmTC_b663a.dir/testFortranCompiler.f.o
Linking Fortran executable cmTC_b663a
/usr/bin/cmake -E cmake_link_script CMakeFiles/cmTC_b663a.dir/link.txt --verbose=1
/usr/bin/gfortran -O3 -DNDEBUG -O3 CMakeFiles/cmTC_b663a.dir/testFortranCompiler.f.o -o cmTC_b663a 
/usr/bin/ld: CMakeFiles/cmTC_b663a.dir/testFortranCompiler.f.o: in function `main':
testFortranCompiler.f:(.text.startup+0x1d): undefined reference to `sgemm_'
collect2: error: ld returned 1 exit status
gmake[1]: *** [CMakeFiles/cmTC_b663a.dir/build.make:99: cmTC_b663a] Error 1
gmake[1]: Leaving directory '/home/zavala68/mydune/dune-surface_int/build-cmake/CMakeFiles/CMakeTmp'
gmake: *** [Makefile:127: cmTC_b663a/fast] Error 2



Determining if the Fortran cheev exists failed with the following output:
Change Dir: /home/zavala68/mydune/dune-surface_int/build-cmake/CMakeFiles/CMakeTmp

Run Build Command(s):/usr/bin/gmake -f Makefile cmTC_28441/fast && /usr/bin/gmake  -f CMakeFiles/cmTC_28441.dir/build.make CMakeFiles/cmTC_28441.dir/build
gmake[1]: Entering directory '/home/zavala68/mydune/dune-surface_int/build-cmake/CMakeFiles/CMakeTmp'
Building Fortran object CMakeFiles/cmTC_28441.dir/testFortranCompiler.f.o
/usr/bin/gfortran   -O3 -DNDEBUG -O3 -fPIE -c /home/zavala68/mydune/dune-surface_int/build-cmake/CMakeFiles/CMakeTmp/testFortranCompiler.f -o CMakeFiles/cmTC_28441.dir/testFortranCompiler.f.o
Linking Fortran executable cmTC_28441
/usr/bin/cmake -E cmake_link_script CMakeFiles/cmTC_28441.dir/link.txt --verbose=1
/usr/bin/gfortran -O3 -DNDEBUG -O3 CMakeFiles/cmTC_28441.dir/testFortranCompiler.f.o -o cmTC_28441  /usr/lib/x86_64-linux-gnu/libblas.so -lm -ldl 
/usr/bin/ld: CMakeFiles/cmTC_28441.dir/testFortranCompiler.f.o: in function `main':
testFortranCompiler.f:(.text.startup+0x1d): undefined reference to `cheev_'
collect2: error: ld returned 1 exit status
gmake[1]: *** [CMakeFiles/cmTC_28441.dir/build.make:100: cmTC_28441] Error 1
gmake[1]: Leaving directory '/home/zavala68/mydune/dune-surface_int/build-cmake/CMakeFiles/CMakeTmp'
gmake: *** [Makefile:127: cmTC_28441/fast] Error 2



Determining if the Fortran cheev exists failed with the following output:
Change Dir: /home/zavala68/mydune/dune-surface_int/build-cmake/CMakeFiles/CMakeTmp

Run Build Command(s):/usr/bin/gmake -f Makefile cmTC_61ab0/fast && /usr/bin/gmake  -f CMakeFiles/cmTC_61ab0.dir/build.make CMakeFiles/cmTC_61ab0.dir/build
gmake[1]: Entering directory '/home/zavala68/mydune/dune-surface_int/build-cmake/CMakeFiles/CMakeTmp'
Building Fortran object CMakeFiles/cmTC_61ab0.dir/testFortranCompiler.f.o
/usr/bin/gfortran   -O3 -DNDEBUG -O3 -fPIE -c /home/zavala68/mydune/dune-surface_int/build-cmake/CMakeFiles/CMakeTmp/testFortranCompiler.f -o CMakeFiles/cmTC_61ab0.dir/testFortranCompiler.f.o
Linking Fortran executable cmTC_61ab0
/usr/bin/cmake -E cmake_link_script CMakeFiles/cmTC_61ab0.dir/link.txt --verbose=1
/usr/bin/gfortran -O3 -DNDEBUG -O3 CMakeFiles/cmTC_61ab0.dir/testFortranCompiler.f.o -o cmTC_61ab0  /usr/lib/x86_64-linux-gnu/liblapack.so /usr/lib/x86_64-linux-gnu/libblas.so -fortranlibs 
gfortran: error: unrecognized command-line option ‘-fortranlibs’
gmake[1]: *** [CMakeFiles/cmTC_61ab0.dir/build.make:101: cmTC_61ab0] Error 1
gmake[1]: Leaving directory '/home/zavala68/mydune/dune-surface_int/build-cmake/CMakeFiles/CMakeTmp'
gmake: *** [Makefile:127: cmTC_61ab0/fast] Error 2



Determining if the include file gmpxx.h exists failed with the following output:
Change Dir: /home/zavala68/mydune/dune-surface_int/build-cmake/CMakeFiles/CMakeTmp

Run Build Command(s):/usr/bin/gmake -f Makefile cmTC_38032/fast && /usr/bin/gmake  -f CMakeFiles/cmTC_38032.dir/build.make CMakeFiles/cmTC_38032.dir/build
gmake[1]: Entering directory '/home/zavala68/mydune/dune-surface_int/build-cmake/CMakeFiles/CMakeTmp'
Building CXX object CMakeFiles/cmTC_38032.dir/CheckIncludeFile.cxx.o
/usr/bin/c++   -std=c++17   -O3 -DNDEBUG -fPIE -o CMakeFiles/cmTC_38032.dir/CheckIncludeFile.cxx.o -c /home/zavala68/mydune/dune-surface_int/build-cmake/CMakeFiles/CMakeTmp/CheckIncludeFile.cxx
/home/zavala68/mydune/dune-surface_int/build-cmake/CMakeFiles/CMakeTmp/CheckIncludeFile.cxx:1:10: fatal error: gmpxx.h: No such file or directory
    1 | #include <gmpxx.h>
      |          ^~~~~~~~~
compilation terminated.
gmake[1]: *** [CMakeFiles/cmTC_38032.dir/build.make:78: CMakeFiles/cmTC_38032.dir/CheckIncludeFile.cxx.o] Error 1
gmake[1]: Leaving directory '/home/zavala68/mydune/dune-surface_int/build-cmake/CMakeFiles/CMakeTmp'
gmake: *** [Makefile:127: cmTC_38032/fast] Error 2



Determining location of GMP, GMPxx failed:
Include directory: GMPXX_INCLUDE_DIR-NOTFOUND
gmp library directory: GMP_LIB-NOTFOUND
gmpxx library directory: GMPXX_LIB-NOTFOUND

Performing C++ SOURCE FILE Test TBB_COMPILE_TEST failed with the following output:
Change Dir: /home/zavala68/mydune/dune-surface_int/build-cmake/CMakeFiles/CMakeTmp

Run Build Command(s):/usr/bin/gmake -f Makefile cmTC_fcc57/fast && /usr/bin/gmake  -f CMakeFiles/cmTC_fcc57.dir/build.make CMakeFiles/cmTC_fcc57.dir/build
gmake[1]: Entering directory '/home/zavala68/mydune/dune-surface_int/build-cmake/CMakeFiles/CMakeTmp'
Building CXX object CMakeFiles/cmTC_fcc57.dir/src.cxx.o
/usr/bin/c++ -DTBB_COMPILE_TEST -D_TBB_CPP0X  -std=c++17   -O3 -DNDEBUG -fPIE -o CMakeFiles/cmTC_fcc57.dir/src.cxx.o -c /home/zavala68/mydune/dune-surface_int/build-cmake/CMakeFiles/CMakeTmp/src.cxx
/home/zavala68/mydune/dune-surface_int/build-cmake/CMakeFiles/CMakeTmp/src.cxx:2:10: fatal error: tbb/tbb.h: No such file or directory
    2 | #include <tbb/tbb.h>
      |          ^~~~~~~~~~~
compilation terminated.
gmake[1]: *** [CMakeFiles/cmTC_fcc57.dir/build.make:78: CMakeFiles/cmTC_fcc57.dir/src.cxx.o] Error 1
gmake[1]: Leaving directory '/home/zavala68/mydune/dune-surface_int/build-cmake/CMakeFiles/CMakeTmp'
gmake: *** [Makefile:127: cmTC_fcc57/fast] Error 2


Source file was:

#include <tbb/tbb.h>
#include <numeric>

int main()
{
  int x[10] = {0};
  tbb::parallel_for(0,10,[&](int i){ x[i] = i; });
  return !(std::accumulate(x,x+10,0) == (9*10)/2);
}

Determining if the include file rpc/rpc.h exists failed with the following output:
Change Dir: /home/zavala68/mydune/dune-surface_int/build-cmake/CMakeFiles/CMakeTmp

Run Build Command(s):/usr/bin/gmake -f Makefile cmTC_a136d/fast && /usr/bin/gmake  -f CMakeFiles/cmTC_a136d.dir/build.make CMakeFiles/cmTC_a136d.dir/build
gmake[1]: Entering directory '/home/zavala68/mydune/dune-surface_int/build-cmake/CMakeFiles/CMakeTmp'
Building C object CMakeFiles/cmTC_a136d.dir/CheckIncludeFile.c.o
/usr/bin/cc   -O3 -DNDEBUG -fPIE -o CMakeFiles/cmTC_a136d.dir/CheckIncludeFile.c.o -c /home/zavala68/mydune/dune-surface_int/build-cmake/CMakeFiles/CMakeTmp/CheckIncludeFile.c
/home/zavala68/mydune/dune-surface_int/build-cmake/CMakeFiles/CMakeTmp/CheckIncludeFile.c:1:10: fatal error: rpc/rpc.h: No such file or directory
    1 | #include <rpc/rpc.h>
      |          ^~~~~~~~~~~
compilation terminated.
gmake[1]: *** [CMakeFiles/cmTC_a136d.dir/build.make:78: CMakeFiles/cmTC_a136d.dir/CheckIncludeFile.c.o] Error 1
gmake[1]: Leaving directory '/home/zavala68/mydune/dune-surface_int/build-cmake/CMakeFiles/CMakeTmp'
gmake: *** [Makefile:127: cmTC_a136d/fast] Error 2



Determining if the include file metis.h exists failed with the following output:
Change Dir: /home/zavala68/mydune/dune-surface_int/build-cmake/CMakeFiles/CMakeTmp

Run Build Command(s):/usr/bin/gmake -f Makefile cmTC_c81bf/fast && /usr/bin/gmake  -f CMakeFiles/cmTC_c81bf.dir/build.make CMakeFiles/cmTC_c81bf.dir/build
gmake[1]: Entering directory '/home/zavala68/mydune/dune-surface_int/build-cmake/CMakeFiles/CMakeTmp'
Building C object CMakeFiles/cmTC_c81bf.dir/CheckIncludeFile.c.o
/usr/bin/cc   -O3 -DNDEBUG -fPIE -o CMakeFiles/cmTC_c81bf.dir/CheckIncludeFile.c.o -c /home/zavala68/mydune/dune-surface_int/build-cmake/CMakeFiles/CMakeTmp/CheckIncludeFile.c
/home/zavala68/mydune/dune-surface_int/build-cmake/CMakeFiles/CMakeTmp/CheckIncludeFile.c:1:10: fatal error: metis.h: No such file or directory
    1 | #include <metis.h>
      |          ^~~~~~~~~
compilation terminated.
gmake[1]: *** [CMakeFiles/cmTC_c81bf.dir/build.make:78: CMakeFiles/cmTC_c81bf.dir/CheckIncludeFile.c.o] Error 1
gmake[1]: Leaving directory '/home/zavala68/mydune/dune-surface_int/build-cmake/CMakeFiles/CMakeTmp'
gmake: *** [Makefile:127: cmTC_c81bf/fast] Error 2



Determing location of METIS failed:
Include directory: 
Library directory: 

Determing location of METIS failed:
Include directory: 
Library directory: 

Determing location of ParMETIS failed:
Include directory: PARMETIS_INCLUDE_DIR-NOTFOUND
ParMETIS library directory: ParMETIS_LIBRARY-NOTFOUND

Performing C SOURCE FILE Test SUPERLU_MIN_VERSION_4 failed with the following output:
Change Dir: /home/zavala68/mydune/dune-surface_int/build-cmake/CMakeFiles/CMakeTmp

Run Build Command(s):/usr/bin/gmake -f Makefile cmTC_a5cc4/fast && /usr/bin/gmake  -f CMakeFiles/cmTC_a5cc4.dir/build.make CMakeFiles/cmTC_a5cc4.dir/build
gmake[1]: Entering directory '/home/zavala68/mydune/dune-surface_int/build-cmake/CMakeFiles/CMakeTmp'
Building C object CMakeFiles/cmTC_a5cc4.dir/src.c.o
/usr/bin/cc -DSUPERLU_MIN_VERSION_4  -O3 -DNDEBUG -fPIE -o CMakeFiles/cmTC_a5cc4.dir/src.c.o -c /home/zavala68/mydune/dune-surface_int/build-cmake/CMakeFiles/CMakeTmp/src.c
/home/zavala68/mydune/dune-surface_int/build-cmake/CMakeFiles/CMakeTmp/src.c:3:10: fatal error: supermatrix.h: No such file or directory
    3 | #include <supermatrix.h>
      |          ^~~~~~~~~~~~~~~
compilation terminated.
gmake[1]: *** [CMakeFiles/cmTC_a5cc4.dir/build.make:78: CMakeFiles/cmTC_a5cc4.dir/src.c.o] Error 1
gmake[1]: Leaving directory '/home/zavala68/mydune/dune-surface_int/build-cmake/CMakeFiles/CMakeTmp'
gmake: *** [Makefile:127: cmTC_a5cc4/fast] Error 2


Source file was:

typedef int int_t;
#include <supermatrix.h>
#include <slu_util.h>
int main()
{
  SuperLUStat_t stat;
  stat.expansions=8;
  return 0;
}
Performing C SOURCE FILE Test SUPERLU_MIN_VERSION_4_3 failed with the following output:
Change Dir: /home/zavala68/mydune/dune-surface_int/build-cmake/CMakeFiles/CMakeTmp

Run Build Command(s):/usr/bin/gmake -f Makefile cmTC_bfadf/fast && /usr/bin/gmake  -f CMakeFiles/cmTC_bfadf.dir/build.make CMakeFiles/cmTC_bfadf.dir/build
gmake[1]: Entering directory '/home/zavala68/mydune/dune-surface_int/build-cmake/CMakeFiles/CMakeTmp'
Building C object CMakeFiles/cmTC_bfadf.dir/src.c.o
/usr/bin/cc -DSUPERLU_MIN_VERSION_4_3  -O3 -DNDEBUG -fPIE -o CMakeFiles/cmTC_bfadf.dir/src.c.o -c /home/zavala68/mydune/dune-surface_int/build-cmake/CMakeFiles/CMakeTmp/src.c
/home/zavala68/mydune/dune-surface_int/build-cmake/CMakeFiles/CMakeTmp/src.c:2:10: fatal error: slu_ddefs.h: No such file or directory
    2 | #include <slu_ddefs.h>
      |          ^~~~~~~~~~~~~
compilation terminated.
gmake[1]: *** [CMakeFiles/cmTC_bfadf.dir/build.make:78: CMakeFiles/cmTC_bfadf.dir/src.c.o] Error 1
gmake[1]: Leaving directory '/home/zavala68/mydune/dune-surface_int/build-cmake/CMakeFiles/CMakeTmp'
gmake: *** [Makefile:127: cmTC_bfadf/fast] Error 2


Source file was:

#include <slu_ddefs.h>
int main(void)
{
  return SLU_DOUBLE;
}
Performing C SOURCE FILE Test SUPERLU_MIN_VERSION_5 failed with the following output:
Change Dir: /home/zavala68/mydune/dune-surface_int/build-cmake/CMakeFiles/CMakeTmp

Run Build Command(s):/usr/bin/gmake -f Makefile cmTC_9c855/fast && /usr/bin/gmake  -f CMakeFiles/cmTC_9c855.dir/build.make CMakeFiles/cmTC_9c855.dir/build
gmake[1]: Entering directory '/home/zavala68/mydune/dune-surface_int/build-cmake/CMakeFiles/CMakeTmp'
Building C object CMakeFiles/cmTC_9c855.dir/src.c.o
/usr/bin/cc -DSUPERLU_MIN_VERSION_5  -O3 -DNDEBUG -fPIE -o CMakeFiles/cmTC_9c855.dir/src.c.o -c /home/zavala68/mydune/dune-surface_int/build-cmake/CMakeFiles/CMakeTmp/src.c
/home/zavala68/mydune/dune-surface_int/build-cmake/CMakeFiles/CMakeTmp/src.c:3:10: fatal error: supermatrix.h: No such file or directory
    3 | #include <supermatrix.h>
      |          ^~~~~~~~~~~~~~~
compilation terminated.
gmake[1]: *** [CMakeFiles/cmTC_9c855.dir/build.make:78: CMakeFiles/cmTC_9c855.dir/src.c.o] Error 1
gmake[1]: Leaving directory '/home/zavala68/mydune/dune-surface_int/build-cmake/CMakeFiles/CMakeTmp'
gmake: *** [Makefile:127: cmTC_9c855/fast] Error 2


Source file was:

typedef int int_t;
#include <supermatrix.h>
#include <slu_util.h>
int main(void)
{
  GlobalLU_t glu;
  return 0;
}
Determining location of SuperLU failed:
Include directory: 
Library directory: 
Found unsupported version: SuperLU < 4.0

Determing location of ARPACK failed:
Libraries to link against: 

Determing location of ARPACK++ failed:
Include directory: 
Libraries to link against: 

Determing location of METIS failed:
Include directory: 
Library directory: 

Determing location of METIS failed:
Include directory: 
Library directory: 

Determing location of ParMETIS failed:
Include directory: PARMETIS_INCLUDE_DIR-NOTFOUND
ParMETIS library directory: ParMETIS_LIBRARY-NOTFOUND

Determining location of psurface failed:
Include directory: 
Library directory: 

Determining location of GMP, GMPxx failed:
Include directory: GMPXX_INCLUDE_DIR-NOTFOUND
gmp library directory: GMP_LIB-NOTFOUND
gmpxx library directory: GMPXX_LIB-NOTFOUND

Determing location of METIS failed:
Include directory: 
Library directory: 

Determing location of METIS failed:
Include directory: 
Library directory: 

Determing location of ParMETIS failed:
Include directory: PARMETIS_INCLUDE_DIR-NOTFOUND
ParMETIS library directory: ParMETIS_LIBRARY-NOTFOUND

Determining location of SuperLU failed:
Include directory: 
Library directory: 
Found unsupported version: SuperLU < 4.0

Determing location of ARPACK failed:
Libraries to link against: 

Determing location of ARPACK++ failed:
Include directory: 
Libraries to link against: 

Determing location of METIS failed:
Include directory: 
Library directory: 

Determing location of METIS failed:
Include directory: 
Library directory: 

Determing location of ParMETIS failed:
Include directory: PARMETIS_INCLUDE_DIR-NOTFOUND
ParMETIS library directory: ParMETIS_LIBRARY-NOTFOUND

Determining location of psurface failed:
Include directory: 
Library directory: 

Determining location of GMP, GMPxx failed:
Include directory: GMPXX_INCLUDE_DIR-NOTFOUND
gmp library directory: GMP_LIB-NOTFOUND
gmpxx library directory: GMPXX_LIB-NOTFOUND

Determing location of METIS failed:
Include directory: 
Library directory: 

Determing location of METIS failed:
Include directory: 
Library directory: 

Determing location of ParMETIS failed:
Include directory: PARMETIS_INCLUDE_DIR-NOTFOUND
ParMETIS library directory: ParMETIS_LIBRARY-NOTFOUND

Determining location of SuperLU failed:
Include directory: 
Library directory: 
Found unsupported version: SuperLU < 4.0

Determing location of ARPACK failed:
Libraries to link against: 

Determing location of ARPACK++ failed:
Include directory: 
Libraries to link against: 

Determing location of METIS failed:
Include directory: 
Library directory: 

Determing location of METIS failed:
Include directory: 
Library directory: 

Determing location of ParMETIS failed:
Include directory: PARMETIS_INCLUDE_DIR-NOTFOUND
ParMETIS library directory: ParMETIS_LIBRARY-NOTFOUND

Determining location of psurface failed:
Include directory: 
Library directory: 

Determining location of GMP, GMPxx failed:
Include directory: GMPXX_INCLUDE_DIR-NOTFOUND
gmp library directory: GMP_LIB-NOTFOUND
gmpxx library directory: GMPXX_LIB-NOTFOUND

Determing location of METIS failed:
Include directory: 
Library directory: 

Determing location of METIS failed:
Include directory: 
Library directory: 

Determing location of ParMETIS failed:
Include directory: PARMETIS_INCLUDE_DIR-NOTFOUND
ParMETIS library directory: ParMETIS_LIBRARY-NOTFOUND

Determining location of SuperLU failed:
Include directory: 
Library directory: 
Found unsupported version: SuperLU < 4.0

Determing location of ARPACK failed:
Libraries to link against: 

Determing location of ARPACK++ failed:
Include directory: 
Libraries to link against: 

Determing location of METIS failed:
Include directory: 
Library directory: 

Determing location of METIS failed:
Include directory: 
Library directory: 

Determing location of ParMETIS failed:
Include directory: PARMETIS_INCLUDE_DIR-NOTFOUND
ParMETIS library directory: ParMETIS_LIBRARY-NOTFOUND

Determining location of psurface failed:
Include directory: 
Library directory: 

Determining location of GMP, GMPxx failed:
Include directory: GMPXX_INCLUDE_DIR-NOTFOUND
gmp library directory: GMP_LIB-NOTFOUND
gmpxx library directory: GMPXX_LIB-NOTFOUND

Determing location of METIS failed:
Include directory: 
Library directory: 

Determing location of METIS failed:
Include directory: 
Library directory: 

Determing location of ParMETIS failed:
Include directory: PARMETIS_INCLUDE_DIR-NOTFOUND
ParMETIS library directory: ParMETIS_LIBRARY-NOTFOUND

Determining location of SuperLU failed:
Include directory: 
Library directory: 
Found unsupported version: SuperLU < 4.0

Determing location of ARPACK failed:
Libraries to link against: 

Determing location of ARPACK++ failed:
Include directory: 
Libraries to link against: 

Determing location of METIS failed:
Include directory: 
Library directory: 

Determing location of METIS failed:
Include directory: 
Library directory: 

Determing location of ParMETIS failed:
Include directory: PARMETIS_INCLUDE_DIR-NOTFOUND
ParMETIS library directory: ParMETIS_LIBRARY-NOTFOUND

Determining location of psurface failed:
Include directory: 
Library directory: 

Determining location of GMP, GMPxx failed:
Include directory: GMPXX_INCLUDE_DIR-NOTFOUND
gmp library directory: GMP_LIB-NOTFOUND
gmpxx library directory: GMPXX_LIB-NOTFOUND

Determing location of METIS failed:
Include directory: 
Library directory: 

Determing location of METIS failed:
Include directory: 
Library directory: 

Determing location of ParMETIS failed:
Include directory: PARMETIS_INCLUDE_DIR-NOTFOUND
ParMETIS library directory: ParMETIS_LIBRARY-NOTFOUND

Determining location of SuperLU failed:
Include directory: 
Library directory: 
Found unsupported version: SuperLU < 4.0

Determing location of ARPACK failed:
Libraries to link against: 

Determing location of ARPACK++ failed:
Include directory: 
Libraries to link against: 

Determing location of METIS failed:
Include directory: 
Library directory: 

Determing location of METIS failed:
Include directory: 
Library directory: 

Determing location of ParMETIS failed:
Include directory: PARMETIS_INCLUDE_DIR-NOTFOUND
ParMETIS library directory: ParMETIS_LIBRARY-NOTFOUND

Determining location of psurface failed:
Include directory: 
Library directory: 

Determining location of GMP, GMPxx failed:
Include directory: GMPXX_INCLUDE_DIR-NOTFOUND
gmp library directory: GMP_LIB-NOTFOUND
gmpxx library directory: GMPXX_LIB-NOTFOUND

Determing location of METIS failed:
Include directory: 
Library directory: 

Determing location of METIS failed:
Include directory: 
Library directory: 

Determing location of ParMETIS failed:
Include directory: PARMETIS_INCLUDE_DIR-NOTFOUND
ParMETIS library directory: ParMETIS_LIBRARY-NOTFOUND

Determining location of SuperLU failed:
Include directory: 
Library directory: 
Found unsupported version: SuperLU < 4.0

Determing location of ARPACK failed:
Libraries to link against: 

Determing location of ARPACK++ failed:
Include directory: 
Libraries to link against: 

Determing location of METIS failed:
Include directory: 
Library directory: 

Determing location of METIS failed:
Include directory: 
Library directory: 

Determing location of ParMETIS failed:
Include directory: PARMETIS_INCLUDE_DIR-NOTFOUND
ParMETIS library directory: ParMETIS_LIBRARY-NOTFOUND

Determining location of psurface failed:
Include directory: 
Library directory: 

Determining location of GMP, GMPxx failed:
Include directory: GMPXX_INCLUDE_DIR-NOTFOUND
gmp library directory: GMP_LIB-NOTFOUND
gmpxx library directory: GMPXX_LIB-NOTFOUND

Determing location of METIS failed:
Include directory: 
Library directory: 

Determing location of METIS failed:
Include directory: 
Library directory: 

Determing location of ParMETIS failed:
Include directory: PARMETIS_INCLUDE_DIR-NOTFOUND
ParMETIS library directory: ParMETIS_LIBRARY-NOTFOUND

Determining location of SuperLU failed:
Include directory: 
Library directory: 
Found unsupported version: SuperLU < 4.0

Determing location of ARPACK failed:
Libraries to link against: 

Determing location of ARPACK++ failed:
Include directory: 
Libraries to link against: 

Determing location of METIS failed:
Include directory: 
Library directory: 

Determing location of METIS failed:
Include directory: 
Library directory: 

Determing location of ParMETIS failed:
Include directory: PARMETIS_INCLUDE_DIR-NOTFOUND
ParMETIS library directory: ParMETIS_LIBRARY-NOTFOUND

Determining location of psurface failed:
Include directory: 
Library directory: 

Determining location of GMP, GMPxx failed:
Include directory: GMPXX_INCLUDE_DIR-NOTFOUND
gmp library directory: GMP_LIB-NOTFOUND
gmpxx library directory: GMPXX_LIB-NOTFOUND

Determing location of METIS failed:
Include directory: 
Library directory: 

Determing location of METIS failed:
Include directory: 
Library directory: 

Determing location of ParMETIS failed:
Include directory: PARMETIS_INCLUDE_DIR-NOTFOUND
ParMETIS library directory: ParMETIS_LIBRARY-NOTFOUND

Determining location of SuperLU failed:
Include directory: 
Library directory: 
Found unsupported version: SuperLU < 4.0

Determing location of ARPACK failed:
Libraries to link against: 

Determing location of ARPACK++ failed:
Include directory: 
Libraries to link against: 

Determing location of METIS failed:
Include directory: 
Library directory: 

Determing location of METIS failed:
Include directory: 
Library directory: 

Determing location of ParMETIS failed:
Include directory: PARMETIS_INCLUDE_DIR-NOTFOUND
ParMETIS library directory: ParMETIS_LIBRARY-NOTFOUND

Determining location of psurface failed:
Include directory: 
Library directory: 

Determining location of GMP, GMPxx failed:
Include directory: GMPXX_INCLUDE_DIR-NOTFOUND
gmp library directory: GMP_LIB-NOTFOUND
gmpxx library directory: GMPXX_LIB-NOTFOUND

Determing location of METIS failed:
Include directory: 
Library directory: 

Determing location of METIS failed:
Include directory: 
Library directory: 

Determing location of ParMETIS failed:
Include directory: PARMETIS_INCLUDE_DIR-NOTFOUND
ParMETIS library directory: ParMETIS_LIBRARY-NOTFOUND

Determining location of SuperLU failed:
Include directory: 
Library directory: 
Found unsupported version: SuperLU < 4.0

Determing location of ARPACK failed:
Libraries to link against: 

Determing location of ARPACK++ failed:
Include directory: 
Libraries to link against: 

Determing location of METIS failed:
Include directory: 
Library directory: 

Determing location of METIS failed:
Include directory: 
Library directory: 

Determing location of ParMETIS failed:
Include directory: PARMETIS_INCLUDE_DIR-NOTFOUND
ParMETIS library directory: ParMETIS_LIBRARY-NOTFOUND

Determining location of psurface failed:
Include directory: 
Library directory: 

Determining location of GMP, GMPxx failed:
Include directory: GMPXX_INCLUDE_DIR-NOTFOUND
gmp library directory: GMP_LIB-NOTFOUND
gmpxx library directory: GMPXX_LIB-NOTFOUND

Determing location of METIS failed:
Include directory: 
Library directory: 

Determing location of METIS failed:
Include directory: 
Library directory: 

Determing location of ParMETIS failed:
Include directory: PARMETIS_INCLUDE_DIR-NOTFOUND
ParMETIS library directory: ParMETIS_LIBRARY-NOTFOUND

Determining location of SuperLU failed:
Include directory: 
Library directory: 
Found unsupported version: SuperLU < 4.0

Determing location of ARPACK failed:
Libraries to link against: 

Determing location of ARPACK++ failed:
Include directory: 
Libraries to link against: 

Determing location of METIS failed:
Include directory: 
Library directory: 

Determing location of METIS failed:
Include directory: 
Library directory: 

Determing location of ParMETIS failed:
Include directory: PARMETIS_INCLUDE_DIR-NOTFOUND
ParMETIS library directory: ParMETIS_LIBRARY-NOTFOUND

Determining location of psurface failed:
Include directory: 
Library directory: 

Determining location of GMP, GMPxx failed:
Include directory: GMPXX_INCLUDE_DIR-NOTFOUND
gmp library directory: GMP_LIB-NOTFOUND
gmpxx library directory: GMPXX_LIB-NOTFOUND

Determing location of METIS failed:
Include directory: 
Library directory: 

Determing location of METIS failed:
Include directory: 
Library directory: 

Determing location of ParMETIS failed:
Include directory: PARMETIS_INCLUDE_DIR-NOTFOUND
ParMETIS library directory: ParMETIS_LIBRARY-NOTFOUND

Determining location of SuperLU failed:
Include directory: 
Library directory: 
Found unsupported version: SuperLU < 4.0

Determing location of ARPACK failed:
Libraries to link against: 

Determing location of ARPACK++ failed:
Include directory: 
Libraries to link against: 

Determing location of METIS failed:
Include directory: 
Library directory: 

Determing location of METIS failed:
Include directory: 
Library directory: 

Determing location of ParMETIS failed:
Include directory: PARMETIS_INCLUDE_DIR-NOTFOUND
ParMETIS library directory: ParMETIS_LIBRARY-NOTFOUND

Determining location of psurface failed:
Include directory: 
Library directory: 

Determining location of GMP, GMPxx failed:
Include directory: GMPXX_INCLUDE_DIR-NOTFOUND
gmp library directory: GMP_LIB-NOTFOUND
gmpxx library directory: GMPXX_LIB-NOTFOUND

Determing location of METIS failed:
Include directory: 
Library directory: 

Determing location of METIS failed:
Include directory: 
Library directory: 

Determing location of ParMETIS failed:
Include directory: PARMETIS_INCLUDE_DIR-NOTFOUND
ParMETIS library directory: ParMETIS_LIBRARY-NOTFOUND

Determining location of SuperLU failed:
Include directory: 
Library directory: 
Found unsupported version: SuperLU < 4.0

Determing location of ARPACK failed:
Libraries to link against: 

Determing location of ARPACK++ failed:
Include directory: 
Libraries to link against: 

Determing location of METIS failed:
Include directory: 
Library directory: 

Determing location of METIS failed:
Include directory: 
Library directory: 

Determing location of ParMETIS failed:
Include directory: PARMETIS_INCLUDE_DIR-NOTFOUND
ParMETIS library directory: ParMETIS_LIBRARY-NOTFOUND

Determining location of psurface failed:
Include directory: 
Library directory: 

Determining location of GMP, GMPxx failed:
Include directory: GMPXX_INCLUDE_DIR-NOTFOUND
gmp library directory: GMP_LIB-NOTFOUND
gmpxx library directory: GMPXX_LIB-NOTFOUND

Determing location of METIS failed:
Include directory: 
Library directory: 

Determing location of METIS failed:
Include directory: 
Library directory: 

Determing location of ParMETIS failed:
Include directory: PARMETIS_INCLUDE_DIR-NOTFOUND
ParMETIS library directory: ParMETIS_LIBRARY-NOTFOUND

Determining location of SuperLU failed:
Include directory: 
Library directory: 
Found unsupported version: SuperLU < 4.0

Determing location of ARPACK failed:
Libraries to link against: 

Determing location of ARPACK++ failed:
Include directory: 
Libraries to link against: 

Determing location of METIS failed:
Include directory: 
Library directory: 

Determing location of METIS failed:
Include directory: 
Library directory: 

Determing location of ParMETIS failed:
Include directory: PARMETIS_INCLUDE_DIR-NOTFOUND
ParMETIS library directory: ParMETIS_LIBRARY-NOTFOUND

Determining location of psurface failed:
Include directory: 
Library directory: 

Determining location of GMP, GMPxx failed:
Include directory: GMPXX_INCLUDE_DIR-NOTFOUND
gmp library directory: GMP_LIB-NOTFOUND
gmpxx library directory: GMPXX_LIB-NOTFOUND

Determing location of METIS failed:
Include directory: 
Library directory: 

Determing location of METIS failed:
Include directory: 
Library directory: 

Determing location of ParMETIS failed:
Include directory: PARMETIS_INCLUDE_DIR-NOTFOUND
ParMETIS library directory: ParMETIS_LIBRARY-NOTFOUND

Determining location of SuperLU failed:
Include directory: 
Library directory: 
Found unsupported version: SuperLU < 4.0

Determing location of ARPACK failed:
Libraries to link against: 

Determing location of ARPACK++ failed:
Include directory: 
Libraries to link against: 

Determing location of METIS failed:
Include directory: 
Library directory: 

Determing location of METIS failed:
Include directory: 
Library directory: 

Determing location of ParMETIS failed:
Include directory: PARMETIS_INCLUDE_DIR-NOTFOUND
ParMETIS library directory: ParMETIS_LIBRARY-NOTFOUND

Determining location of psurface failed:
Include directory: 
Library directory: 

Determining location of GMP, GMPxx failed:
Include directory: GMPXX_INCLUDE_DIR-NOTFOUND
gmp library directory: GMP_LIB-NOTFOUND
gmpxx library directory: GMPXX_LIB-NOTFOUND

Determing location of METIS failed:
Include directory: 
Library directory: 

Determing location of METIS failed:
Include directory: 
Library directory: 

Determing location of ParMETIS failed:
Include directory: PARMETIS_INCLUDE_DIR-NOTFOUND
ParMETIS library directory: ParMETIS_LIBRARY-NOTFOUND

Determining location of SuperLU failed:
Include directory: 
Library directory: 
Found unsupported version: SuperLU < 4.0

Determing location of ARPACK failed:
Libraries to link against: 

Determing location of ARPACK++ failed:
Include directory: 
Libraries to link against: 

Determing location of METIS failed:
Include directory: 
Library directory: 

Determing location of METIS failed:
Include directory: 
Library directory: 

Determing location of ParMETIS failed:
Include directory: PARMETIS_INCLUDE_DIR-NOTFOUND
ParMETIS library directory: ParMETIS_LIBRARY-NOTFOUND

Determining location of psurface failed:
Include directory: 
Library directory: 

Determining location of GMP, GMPxx failed:
Include directory: GMPXX_INCLUDE_DIR-NOTFOUND
gmp library directory: GMP_LIB-NOTFOUND
gmpxx library directory: GMPXX_LIB-NOTFOUND

Determing location of METIS failed:
Include directory: 
Library directory: 

Determing location of METIS failed:
Include directory: 
Library directory: 

Determing location of ParMETIS failed:
Include directory: PARMETIS_INCLUDE_DIR-NOTFOUND
ParMETIS library directory: ParMETIS_LIBRARY-NOTFOUND

Determining location of SuperLU failed:
Include directory: 
Library directory: 
Found unsupported version: SuperLU < 4.0

Determing location of ARPACK failed:
Libraries to link against: 

Determing location of ARPACK++ failed:
Include directory: 
Libraries to link against: 

Determing location of METIS failed:
Include directory: 
Library directory: 

Determing location of METIS failed:
Include directory: 
Library directory: 

Determing location of ParMETIS failed:
Include directory: PARMETIS_INCLUDE_DIR-NOTFOUND
ParMETIS library directory: ParMETIS_LIBRARY-NOTFOUND

Determining location of psurface failed:
Include directory: 
Library directory: 

Determining location of GMP, GMPxx failed:
Include directory: GMPXX_INCLUDE_DIR-NOTFOUND
gmp library directory: GMP_LIB-NOTFOUND
gmpxx library directory: GMPXX_LIB-NOTFOUND

Determing location of METIS failed:
Include directory: 
Library directory: 

Determing location of METIS failed:
Include directory: 
Library directory: 

Determing location of ParMETIS failed:
Include directory: PARMETIS_INCLUDE_DIR-NOTFOUND
ParMETIS library directory: ParMETIS_LIBRARY-NOTFOUND

Determining location of SuperLU failed:
Include directory: 
Library directory: 
Found unsupported version: SuperLU < 4.0

Determing location of ARPACK failed:
Libraries to link against: 

Determing location of ARPACK++ failed:
Include directory: 
Libraries to link against: 

Determing location of METIS failed:
Include directory: 
Library directory: 

Determing location of METIS failed:
Include directory: 
Library directory: 

Determing location of ParMETIS failed:
Include directory: PARMETIS_INCLUDE_DIR-NOTFOUND
ParMETIS library directory: ParMETIS_LIBRARY-NOTFOUND

Determining location of psurface failed:
Include directory: 
Library directory: 

Determining location of GMP, GMPxx failed:
Include directory: GMPXX_INCLUDE_DIR-NOTFOUND
gmp library directory: GMP_LIB-NOTFOUND
gmpxx library directory: GMPXX_LIB-NOTFOUND

Determing location of METIS failed:
Include directory: 
Library directory: 

Determing location of METIS failed:
Include directory: 
Library directory: 

Determing location of ParMETIS failed:
Include directory: PARMETIS_INCLUDE_DIR-NOTFOUND
ParMETIS library directory: ParMETIS_LIBRARY-NOTFOUND

Determining location of SuperLU failed:
Include directory: 
Library directory: 
Found unsupported version: SuperLU < 4.0

Determing location of ARPACK failed:
Libraries to link against: 

Determing location of ARPACK++ failed:
Include directory: 
Libraries to link against: 

Determing location of METIS failed:
Include directory: 
Library directory: 

Determing location of METIS failed:
Include directory: 
Library directory: 

Determing location of ParMETIS failed:
Include directory: PARMETIS_INCLUDE_DIR-NOTFOUND
ParMETIS library directory: ParMETIS_LIBRARY-NOTFOUND

Determining location of psurface failed:
Include directory: 
Library directory: 

Determining location of GMP, GMPxx failed:
Include directory: GMPXX_INCLUDE_DIR-NOTFOUND
gmp library directory: GMP_LIB-NOTFOUND
gmpxx library directory: GMPXX_LIB-NOTFOUND

Determing location of METIS failed:
Include directory: 
Library directory: 

Determing location of METIS failed:
Include directory: 
Library directory: 

Determing location of ParMETIS failed:
Include directory: PARMETIS_INCLUDE_DIR-NOTFOUND
ParMETIS library directory: ParMETIS_LIBRARY-NOTFOUND

Determining location of SuperLU failed:
Include directory: 
Library directory: 
Found unsupported version: SuperLU < 4.0

Determing location of ARPACK failed:
Libraries to link against: 

Determing location of ARPACK++ failed:
Include directory: 
Libraries to link against: 

Determing location of METIS failed:
Include directory: 
Library directory: 

Determing location of METIS failed:
Include directory: 
Library directory: 

Determing location of ParMETIS failed:
Include directory: PARMETIS_INCLUDE_DIR-NOTFOUND
ParMETIS library directory: ParMETIS_LIBRARY-NOTFOUND

Determining location of psurface failed:
Include directory: 
Library directory: 

Determining location of GMP, GMPxx failed:
Include directory: GMPXX_INCLUDE_DIR-NOTFOUND
gmp library directory: GMP_LIB-NOTFOUND
gmpxx library directory: GMPXX_LIB-NOTFOUND

Determing location of METIS failed:
Include directory: 
Library directory: 

Determing location of METIS failed:
Include directory: 
Library directory: 

Determing location of ParMETIS failed:
Include directory: PARMETIS_INCLUDE_DIR-NOTFOUND
ParMETIS library directory: ParMETIS_LIBRARY-NOTFOUND

Determining location of SuperLU failed:
Include directory: 
Library directory: 
Found unsupported version: SuperLU < 4.0

Determing location of ARPACK failed:
Libraries to link against: 

Determing location of ARPACK++ failed:
Include directory: 
Libraries to link against: 

Determing location of METIS failed:
Include directory: 
Library directory: 

Determing location of METIS failed:
Include directory: 
Library directory: 

Determing location of ParMETIS failed:
Include directory: PARMETIS_INCLUDE_DIR-NOTFOUND
ParMETIS library directory: ParMETIS_LIBRARY-NOTFOUND

Determining location of psurface failed:
Include directory: 
Library directory: 

Determining location of GMP, GMPxx failed:
Include directory: GMPXX_INCLUDE_DIR-NOTFOUND
gmp library directory: GMP_LIB-NOTFOUND
gmpxx library directory: GMPXX_LIB-NOTFOUND

Determing location of METIS failed:
Include directory: 
Library directory: 

Determing location of METIS failed:
Include directory: 
Library directory: 

Determing location of ParMETIS failed:
Include directory: PARMETIS_INCLUDE_DIR-NOTFOUND
ParMETIS library directory: ParMETIS_LIBRARY-NOTFOUND

Determining location of SuperLU failed:
Include directory: 
Library directory: 
Found unsupported version: SuperLU < 4.0

Determing location of ARPACK failed:
Libraries to link against: 

Determing location of ARPACK++ failed:
Include directory: 
Libraries to link against: 

Determing location of METIS failed:
Include directory: 
Library directory: 

Determing location of METIS failed:
Include directory: 
Library directory: 

Determing location of ParMETIS failed:
Include directory: PARMETIS_INCLUDE_DIR-NOTFOUND
ParMETIS library directory: ParMETIS_LIBRARY-NOTFOUND

Determining location of psurface failed:
Include directory: 
Library directory: 

Determining location of GMP, GMPxx failed:
Include directory: GMPXX_INCLUDE_DIR-NOTFOUND
gmp library directory: GMP_LIB-NOTFOUND
gmpxx library directory: GMPXX_LIB-NOTFOUND

Determing location of METIS failed:
Include directory: 
Library directory: 

Determing location of METIS failed:
Include directory: 
Library directory: 

Determing location of ParMETIS failed:
Include directory: PARMETIS_INCLUDE_DIR-NOTFOUND
ParMETIS library directory: ParMETIS_LIBRARY-NOTFOUND

Determining location of SuperLU failed:
Include directory: 
Library directory: 
Found unsupported version: SuperLU < 4.0

Determing location of ARPACK failed:
Libraries to link against: 

Determing location of ARPACK++ failed:
Include directory: 
Libraries to link against: 

Determing location of METIS failed:
Include directory: 
Library directory: 

Determing location of METIS failed:
Include directory: 
Library directory: 

Determing location of ParMETIS failed:
Include directory: PARMETIS_INCLUDE_DIR-NOTFOUND
ParMETIS library directory: ParMETIS_LIBRARY-NOTFOUND

Determining location of psurface failed:
Include directory: 
Library directory: 

Determining location of GMP, GMPxx failed:
Include directory: GMPXX_INCLUDE_DIR-NOTFOUND
gmp library directory: GMP_LIB-NOTFOUND
gmpxx library directory: GMPXX_LIB-NOTFOUND

Determing location of METIS failed:
Include directory: 
Library directory: 

Determing location of METIS failed:
Include directory: 
Library directory: 

Determing location of ParMETIS failed:
Include directory: PARMETIS_INCLUDE_DIR-NOTFOUND
ParMETIS library directory: ParMETIS_LIBRARY-NOTFOUND

Determining location of SuperLU failed:
Include directory: 
Library directory: 
Found unsupported version: SuperLU < 4.0

Determing location of ARPACK failed:
Libraries to link against: 

Determing location of ARPACK++ failed:
Include directory: 
Libraries to link against: 

Determing location of METIS failed:
Include directory: 
Library directory: 

Determing location of METIS failed:
Include directory: 
Library directory: 

Determing location of ParMETIS failed:
Include directory: PARMETIS_INCLUDE_DIR-NOTFOUND
ParMETIS library directory: ParMETIS_LIBRARY-NOTFOUND

Determining location of psurface failed:
Include directory: 
Library directory: 

Determining location of GMP, GMPxx failed:
Include directory: GMPXX_INCLUDE_DIR-NOTFOUND
gmp library directory: GMP_LIB-NOTFOUND
gmpxx library directory: GMPXX_LIB-NOTFOUND

Determing location of METIS failed:
Include directory: 
Library directory: 

Determing location of METIS failed:
Include directory: 
Library directory: 

Determing location of ParMETIS failed:
Include directory: PARMETIS_INCLUDE_DIR-NOTFOUND
ParMETIS library directory: ParMETIS_LIBRARY-NOTFOUND

Determining location of SuperLU failed:
Include directory: 
Library directory: 
Found unsupported version: SuperLU < 4.0

Determing location of ARPACK failed:
Libraries to link against: 

Determing location of ARPACK++ failed:
Include directory: 
Libraries to link against: 

Determing location of METIS failed:
Include directory: 
Library directory: 

Determing location of METIS failed:
Include directory: 
Library directory: 

Determing location of ParMETIS failed:
Include directory: PARMETIS_INCLUDE_DIR-NOTFOUND
ParMETIS library directory: ParMETIS_LIBRARY-NOTFOUND

Determining location of psurface failed:
Include directory: 
Library directory: 

Determining location of GMP, GMPxx failed:
Include directory: GMPXX_INCLUDE_DIR-NOTFOUND
gmp library directory: GMP_LIB-NOTFOUND
gmpxx library directory: GMPXX_LIB-NOTFOUND

Determing location of METIS failed:
Include directory: 
Library directory: 

Determing location of METIS failed:
Include directory: 
Library directory: 

Determing location of ParMETIS failed:
Include directory: PARMETIS_INCLUDE_DIR-NOTFOUND
ParMETIS library directory: ParMETIS_LIBRARY-NOTFOUND

Determining location of SuperLU failed:
Include directory: 
Library directory: 
Found unsupported version: SuperLU < 4.0

Determing location of ARPACK failed:
Libraries to link against: 

Determing location of ARPACK++ failed:
Include directory: 
Libraries to link against: 

Determing location of METIS failed:
Include directory: 
Library directory: 

Determing location of METIS failed:
Include directory: 
Library directory: 

Determing location of ParMETIS failed:
Include directory: PARMETIS_INCLUDE_DIR-NOTFOUND
ParMETIS library directory: ParMETIS_LIBRARY-NOTFOUND

Determining location of psurface failed:
Include directory: 
Library directory: 

Determining location of GMP, GMPxx failed:
Include directory: GMPXX_INCLUDE_DIR-NOTFOUND
gmp library directory: GMP_LIB-NOTFOUND
gmpxx library directory: GMPXX_LIB-NOTFOUND

Determing location of METIS failed:
Include directory: 
Library directory: 

Determing location of METIS failed:
Include directory: 
Library directory: 

Determing location of ParMETIS failed:
Include directory: PARMETIS_INCLUDE_DIR-NOTFOUND
ParMETIS library directory: ParMETIS_LIBRARY-NOTFOUND

Determining location of SuperLU failed:
Include directory: 
Library directory: 
Found unsupported version: SuperLU < 4.0

Determing location of ARPACK failed:
Libraries to link against: 

Determing location of ARPACK++ failed:
Include directory: 
Libraries to link against: 

Determing location of METIS failed:
Include directory: 
Library directory: 

Determing location of METIS failed:
Include directory: 
Library directory: 

Determing location of ParMETIS failed:
Include directory: PARMETIS_INCLUDE_DIR-NOTFOUND
ParMETIS library directory: ParMETIS_LIBRARY-NOTFOUND

Determining location of psurface failed:
Include directory: 
Library directory: 

Determining location of GMP, GMPxx failed:
Include directory: GMPXX_INCLUDE_DIR-NOTFOUND
gmp library directory: GMP_LIB-NOTFOUND
gmpxx library directory: GMPXX_LIB-NOTFOUND

Determing location of METIS failed:
Include directory: 
Library directory: 

Determing location of METIS failed:
Include directory: 
Library directory: 

Determing location of ParMETIS failed:
Include directory: PARMETIS_INCLUDE_DIR-NOTFOUND
ParMETIS library directory: ParMETIS_LIBRARY-NOTFOUND

Determining location of SuperLU failed:
Include directory: 
Library directory: 
Found unsupported version: SuperLU < 4.0

Determing location of ARPACK failed:
Libraries to link against: 

Determing location of ARPACK++ failed:
Include directory: 
Libraries to link against: 

Determing location of METIS failed:
Include directory: 
Library directory: 

Determing location of METIS failed:
Include directory: 
Library directory: 

Determing location of ParMETIS failed:
Include directory: PARMETIS_INCLUDE_DIR-NOTFOUND
ParMETIS library directory: ParMETIS_LIBRARY-NOTFOUND

Determining location of psurface failed:
Include directory: 
Library directory: 

Determining location of GMP, GMPxx failed:
Include directory: GMPXX_INCLUDE_DIR-NOTFOUND
gmp library directory: GMP_LIB-NOTFOUND
gmpxx library directory: GMPXX_LIB-NOTFOUND

Determing location of METIS failed:
Include directory: 
Library directory: 

Determing location of METIS failed:
Include directory: 
Library directory: 

Determing location of ParMETIS failed:
Include directory: PARMETIS_INCLUDE_DIR-NOTFOUND
ParMETIS library directory: ParMETIS_LIBRARY-NOTFOUND

Determining location of SuperLU failed:
Include directory: 
Library directory: 
Found unsupported version: SuperLU < 4.0

Determing location of ARPACK failed:
Libraries to link against: 

Determing location of ARPACK++ failed:
Include directory: 
Libraries to link against: 

Determing location of METIS failed:
Include directory: 
Library directory: 

Determing location of METIS failed:
Include directory: 
Library directory: 

Determing location of ParMETIS failed:
Include directory: PARMETIS_INCLUDE_DIR-NOTFOUND
ParMETIS library directory: ParMETIS_LIBRARY-NOTFOUND

Determining location of psurface failed:
Include directory: 
Library directory: 

Determining location of GMP, GMPxx failed:
Include directory: GMPXX_INCLUDE_DIR-NOTFOUND
gmp library directory: GMP_LIB-NOTFOUND
gmpxx library directory: GMPXX_LIB-NOTFOUND

Determing location of METIS failed:
Include directory: 
Library directory: 

Determing location of METIS failed:
Include directory: 
Library directory: 

Determing location of ParMETIS failed:
Include directory: PARMETIS_INCLUDE_DIR-NOTFOUND
ParMETIS library directory: ParMETIS_LIBRARY-NOTFOUND

Determining location of SuperLU failed:
Include directory: 
Library directory: 
Found unsupported version: SuperLU < 4.0

Determing location of ARPACK failed:
Libraries to link against: 

Determing location of ARPACK++ failed:
Include directory: 
Libraries to link against: 

Determing location of METIS failed:
Include directory: 
Library directory: 

Determing location of METIS failed:
Include directory: 
Library directory: 

Determing location of ParMETIS failed:
Include directory: PARMETIS_INCLUDE_DIR-NOTFOUND
ParMETIS library directory: ParMETIS_LIBRARY-NOTFOUND

Determining location of psurface failed:
Include directory: 
Library directory: 

Determining location of GMP, GMPxx failed:
Include directory: GMPXX_INCLUDE_DIR-NOTFOUND
gmp library directory: GMP_LIB-NOTFOUND
gmpxx library directory: GMPXX_LIB-NOTFOUND

Determing location of METIS failed:
Include directory: 
Library directory: 

Determing location of METIS failed:
Include directory: 
Library directory: 

Determing location of ParMETIS failed:
Include directory: PARMETIS_INCLUDE_DIR-NOTFOUND
ParMETIS library directory: ParMETIS_LIBRARY-NOTFOUND

Determining location of SuperLU failed:
Include directory: 
Library directory: 
Found unsupported version: SuperLU < 4.0

Determing location of ARPACK failed:
Libraries to link against: 

Determing location of ARPACK++ failed:
Include directory: 
Libraries to link against: 

Determing location of METIS failed:
Include directory: 
Library directory: 

Determing location of METIS failed:
Include directory: 
Library directory: 

Determing location of ParMETIS failed:
Include directory: PARMETIS_INCLUDE_DIR-NOTFOUND
ParMETIS library directory: ParMETIS_LIBRARY-NOTFOUND

Determining location of psurface failed:
Include directory: 
Library directory: 

Determining location of GMP, GMPxx failed:
Include directory: GMPXX_INCLUDE_DIR-NOTFOUND
gmp library directory: GMP_LIB-NOTFOUND
gmpxx library directory: GMPXX_LIB-NOTFOUND

Determing location of METIS failed:
Include directory: 
Library directory: 

Determing location of METIS failed:
Include directory: 
Library directory: 

Determing location of ParMETIS failed:
Include directory: PARMETIS_INCLUDE_DIR-NOTFOUND
ParMETIS library directory: ParMETIS_LIBRARY-NOTFOUND

Determining location of SuperLU failed:
Include directory: 
Library directory: 
Found unsupported version: SuperLU < 4.0

Determing location of ARPACK failed:
Libraries to link against: 

Determing location of ARPACK++ failed:
Include directory: 
Libraries to link against: 

Determing location of METIS failed:
Include directory: 
Library directory: 

Determing location of METIS failed:
Include directory: 
Library directory: 

Determing location of ParMETIS failed:
Include directory: PARMETIS_INCLUDE_DIR-NOTFOUND
ParMETIS library directory: ParMETIS_LIBRARY-NOTFOUND

Determining location of psurface failed:
Include directory: 
Library directory: 

Determining location of GMP, GMPxx failed:
Include directory: GMPXX_INCLUDE_DIR-NOTFOUND
gmp library directory: GMP_LIB-NOTFOUND
gmpxx library directory: GMPXX_LIB-NOTFOUND

Determing location of METIS failed:
Include directory: 
Library directory: 

Determing location of METIS failed:
Include directory: 
Library directory: 

Determing location of ParMETIS failed:
Include directory: PARMETIS_INCLUDE_DIR-NOTFOUND
ParMETIS library directory: ParMETIS_LIBRARY-NOTFOUND

Determining location of SuperLU failed:
Include directory: 
Library directory: 
Found unsupported version: SuperLU < 4.0

Determing location of ARPACK failed:
Libraries to link against: 

Determing location of ARPACK++ failed:
Include directory: 
Libraries to link against: 

Determing location of METIS failed:
Include directory: 
Library directory: 

Determing location of METIS failed:
Include directory: 
Library directory: 

Determing location of ParMETIS failed:
Include directory: PARMETIS_INCLUDE_DIR-NOTFOUND
ParMETIS library directory: ParMETIS_LIBRARY-NOTFOUND

Determining location of psurface failed:
Include directory: 
Library directory: 

Determining location of GMP, GMPxx failed:
Include directory: GMPXX_INCLUDE_DIR-NOTFOUND
gmp library directory: GMP_LIB-NOTFOUND
gmpxx library directory: GMPXX_LIB-NOTFOUND

Determing location of METIS failed:
Include directory: 
Library directory: 

Determing location of METIS failed:
Include directory: 
Library directory: 

Determing location of ParMETIS failed:
Include directory: PARMETIS_INCLUDE_DIR-NOTFOUND
ParMETIS library directory: ParMETIS_LIBRARY-NOTFOUND

Determining location of SuperLU failed:
Include directory: 
Library directory: 
Found unsupported version: SuperLU < 4.0

Determing location of ARPACK failed:
Libraries to link against: 

Determing location of ARPACK++ failed:
Include directory: 
Libraries to link against: 

Determing location of METIS failed:
Include directory: 
Library directory: 

Determing location of METIS failed:
Include directory: 
Library directory: 

Determing location of ParMETIS failed:
Include directory: PARMETIS_INCLUDE_DIR-NOTFOUND
ParMETIS library directory: ParMETIS_LIBRARY-NOTFOUND

Determining location of psurface failed:
Include directory: 
Library directory: 

Determining location of GMP, GMPxx failed:
Include directory: GMPXX_INCLUDE_DIR-NOTFOUND
gmp library directory: GMP_LIB-NOTFOUND
gmpxx library directory: GMPXX_LIB-NOTFOUND

Determing location of METIS failed:
Include directory: 
Library directory: 

Determing location of METIS failed:
Include directory: 
Library directory: 

Determing location of ParMETIS failed:
Include directory: PARMETIS_INCLUDE_DIR-NOTFOUND
ParMETIS library directory: ParMETIS_LIBRARY-NOTFOUND

Determining location of SuperLU failed:
Include directory: 
Library directory: 
Found unsupported version: SuperLU < 4.0

Determing location of ARPACK failed:
Libraries to link against: 

Determing location of ARPACK++ failed:
Include directory: 
Libraries to link against: 

Determing location of METIS failed:
Include directory: 
Library directory: 

Determing location of METIS failed:
Include directory: 
Library directory: 

Determing location of ParMETIS failed:
Include directory: PARMETIS_INCLUDE_DIR-NOTFOUND
ParMETIS library directory: ParMETIS_LIBRARY-NOTFOUND

Determining location of psurface failed:
Include directory: 
Library directory: 

Determining location of GMP, GMPxx failed:
Include directory: GMPXX_INCLUDE_DIR-NOTFOUND
gmp library directory: GMP_LIB-NOTFOUND
gmpxx library directory: GMPXX_LIB-NOTFOUND

Determing location of METIS failed:
Include directory: 
Library directory: 

Determing location of METIS failed:
Include directory: 
Library directory: 

Determing location of ParMETIS failed:
Include directory: PARMETIS_INCLUDE_DIR-NOTFOUND
ParMETIS library directory: ParMETIS_LIBRARY-NOTFOUND

Determining location of SuperLU failed:
Include directory: 
Library directory: 
Found unsupported version: SuperLU < 4.0

Determing location of ARPACK failed:
Libraries to link against: 

Determing location of ARPACK++ failed:
Include directory: 
Libraries to link against: 

Determing location of METIS failed:
Include directory: 
Library directory: 

Determing location of METIS failed:
Include directory: 
Library directory: 

Determing location of ParMETIS failed:
Include directory: PARMETIS_INCLUDE_DIR-NOTFOUND
ParMETIS library directory: ParMETIS_LIBRARY-NOTFOUND

Determining location of psurface failed:
Include directory: 
Library directory: 

